<?xml version="1.0" encoding="UTF-8"?>
<testng-results ignored="0" total="6" passed="6" failed="0" skipped="0">
  <reporter-output>
  </reporter-output>
  <suite started-at="2026-05-27T12:09:47 IST" name="Practo Cross-Browser Suite" finished-at="2026-05-27T12:11:32 IST" duration-ms="105098">
    <groups>
      <group name="cucumber">
        <method signature="AbstractTestNGCucumberTests.runScenario(io.cucumber.testng.PickleWrapper,io.cucumber.testng.FeatureWrapper)[pri:0, instance:com.hackathonproject.runner.TestRunner@732d0d24]" name="runScenario" class="io.cucumber.testng.AbstractTestNGCucumberTests"/>
        <method signature="AbstractTestNGCucumberTests.runScenario(io.cucumber.testng.PickleWrapper,io.cucumber.testng.FeatureWrapper)[pri:0, instance:com.hackathonproject.runner.TestRunner@7ceb3185]" name="runScenario" class="io.cucumber.testng.AbstractTestNGCucumberTests"/>
      </group> <!-- cucumber -->
    </groups>
    <test started-at="2026-05-27T12:09:47 IST" name="Edge Test" finished-at="2026-05-27T12:11:23 IST" duration-ms="96216">
      <class name="com.hackathonproject.runner.TestRunner">
        <test-method is-config="true" signature="setUpClass(org.testng.ITestContext)[pri:0, instance:com.hackathonproject.runner.TestRunner@732d0d24]" started-at="2026-05-27T12:09:47 IST" name="setUpClass" finished-at="2026-05-27T12:09:49 IST" duration-ms="1568" status="PASS">
          <params>
            <param index="0">
              <value>
                <![CDATA[org.testng.TestRunner@26ceffa8]]>
              </value>
            </param>
          </params>
          <reporter-output>
          </reporter-output>
        </test-method> <!-- setUpClass -->
        <test-method is-config="true" signature="setBrowser(java.lang.String)[pri:0, instance:com.hackathonproject.runner.TestRunner@732d0d24]" started-at="2026-05-27T12:09:49 IST" name="setBrowser" finished-at="2026-05-27T12:09:49 IST" duration-ms="4" status="PASS">
          <params>
            <param index="0">
              <value>
                <![CDATA[edge]]>
              </value>
            </param>
          </params>
          <reporter-output>
          </reporter-output>
        </test-method> <!-- setBrowser -->
        <test-method signature="runScenario(io.cucumber.testng.PickleWrapper,io.cucumber.testng.FeatureWrapper)[pri:0, instance:com.hackathonproject.runner.TestRunner@732d0d24]" started-at="2026-05-27T12:09:49 IST" name="runScenario" description="Runs Cucumber Scenarios" data-provider="scenarios" finished-at="2026-05-27T12:10:46 IST" duration-ms="56860" status="PASS">
          <params>
            <param index="0">
              <value>
                <![CDATA["Find Hospitals in Bangalore open 24x7 with parking and rating above 3.5"]]>
              </value>
            </param>
            <param index="1">
              <value>
                <![CDATA["Finding Hospitals on Practo website"]]>
              </value>
            </param>
          </params>
          <reporter-output>
          </reporter-output>
        </test-method> <!-- runScenario -->
        <test-method signature="runScenario(io.cucumber.testng.PickleWrapper,io.cucumber.testng.FeatureWrapper)[pri:0, instance:com.hackathonproject.runner.TestRunner@732d0d24]" started-at="2026-05-27T12:10:46 IST" name="runScenario" description="Runs Cucumber Scenarios" data-provider="scenarios" finished-at="2026-05-27T12:10:53 IST" duration-ms="7510" status="PASS">
          <params>
            <param index="0">
              <value>
                <![CDATA["Capture top cities from Diagnostics page on Practo website"]]>
              </value>
            </param>
            <param index="1">
              <value>
                <![CDATA["Finding Hospitals on Practo website"]]>
              </value>
            </param>
          </params>
          <reporter-output>
          </reporter-output>
        </test-method> <!-- runScenario -->
        <test-method signature="runScenario(io.cucumber.testng.PickleWrapper,io.cucumber.testng.FeatureWrapper)[pri:0, instance:com.hackathonproject.runner.TestRunner@732d0d24]" started-at="2026-05-27T12:10:53 IST" name="runScenario" description="Runs Cucumber Scenarios" data-provider="scenarios" finished-at="2026-05-27T12:11:09 IST" duration-ms="15424" status="PASS">
          <params>
            <param index="0">
              <value>
                <![CDATA["Verify submit button is disabled when Corporate Wellness form has invalid phone number"]]>
              </value>
            </param>
            <param index="1">
              <value>
                <![CDATA["Finding Hospitals on Practo website"]]>
              </value>
            </param>
          </params>
          <reporter-output>
          </reporter-output>
        </test-method> <!-- runScenario -->
        <test-method is-config="true" signature="closeBrowser()[pri:0, instance:com.hackathonproject.runner.TestRunner@732d0d24]" started-at="2026-05-27T12:11:09 IST" name="closeBrowser" finished-at="2026-05-27T12:11:22 IST" duration-ms="13162" status="PASS">
          <reporter-output>
          </reporter-output>
        </test-method> <!-- closeBrowser -->
        <test-method is-config="true" signature="tearDownClass()[pri:0, instance:com.hackathonproject.runner.TestRunner@732d0d24]" started-at="2026-05-27T12:11:22 IST" name="tearDownClass" finished-at="2026-05-27T12:11:23 IST" duration-ms="1211" status="PASS">
          <reporter-output>
          </reporter-output>
        </test-method> <!-- tearDownClass -->
      </class> <!-- com.hackathonproject.runner.TestRunner -->
    </test> <!-- Edge Test -->
    <test started-at="2026-05-27T12:09:47 IST" name="Chrome Test" finished-at="2026-05-27T12:11:32 IST" duration-ms="105098">
      <class name="com.hackathonproject.runner.TestRunner">
        <test-method is-config="true" signature="setUpClass(org.testng.ITestContext)[pri:0, instance:com.hackathonproject.runner.TestRunner@7ceb3185]" started-at="2026-05-27T12:09:47 IST" name="setUpClass" finished-at="2026-05-27T12:09:49 IST" duration-ms="1568" status="PASS">
          <params>
            <param index="0">
              <value>
                <![CDATA[org.testng.TestRunner@600b90df]]>
              </value>
            </param>
          </params>
          <reporter-output>
          </reporter-output>
        </test-method> <!-- setUpClass -->
        <test-method is-config="true" signature="setBrowser(java.lang.String)[pri:0, instance:com.hackathonproject.runner.TestRunner@7ceb3185]" started-at="2026-05-27T12:09:49 IST" name="setBrowser" finished-at="2026-05-27T12:09:49 IST" duration-ms="4" status="PASS">
          <params>
            <param index="0">
              <value>
                <![CDATA[chrome]]>
              </value>
            </param>
          </params>
          <reporter-output>
          </reporter-output>
        </test-method> <!-- setBrowser -->
        <test-method signature="runScenario(io.cucumber.testng.PickleWrapper,io.cucumber.testng.FeatureWrapper)[pri:0, instance:com.hackathonproject.runner.TestRunner@7ceb3185]" started-at="2026-05-27T12:09:49 IST" name="runScenario" description="Runs Cucumber Scenarios" data-provider="scenarios" finished-at="2026-05-27T12:10:58 IST" duration-ms="69317" status="PASS">
          <params>
            <param index="0">
              <value>
                <![CDATA["Find Hospitals in Bangalore open 24x7 with parking and rating above 3.5"]]>
              </value>
            </param>
            <param index="1">
              <value>
                <![CDATA["Finding Hospitals on Practo website"]]>
              </value>
            </param>
          </params>
          <reporter-output>
          </reporter-output>
        </test-method> <!-- runScenario -->
        <test-method signature="runScenario(io.cucumber.testng.PickleWrapper,io.cucumber.testng.FeatureWrapper)[pri:0, instance:com.hackathonproject.runner.TestRunner@7ceb3185]" started-at="2026-05-27T12:10:58 IST" name="runScenario" description="Runs Cucumber Scenarios" data-provider="scenarios" finished-at="2026-05-27T12:11:08 IST" duration-ms="9434" status="PASS">
          <params>
            <param index="0">
              <value>
                <![CDATA["Capture top cities from Diagnostics page on Practo website"]]>
              </value>
            </param>
            <param index="1">
              <value>
                <![CDATA["Finding Hospitals on Practo website"]]>
              </value>
            </param>
          </params>
          <reporter-output>
          </reporter-output>
        </test-method> <!-- runScenario -->
        <test-method signature="runScenario(io.cucumber.testng.PickleWrapper,io.cucumber.testng.FeatureWrapper)[pri:0, instance:com.hackathonproject.runner.TestRunner@7ceb3185]" started-at="2026-05-27T12:11:08 IST" name="runScenario" description="Runs Cucumber Scenarios" data-provider="scenarios" finished-at="2026-05-27T12:11:27 IST" duration-ms="18901" status="PASS">
          <params>
            <param index="0">
              <value>
                <![CDATA["Verify submit button is disabled when Corporate Wellness form has invalid phone number"]]>
              </value>
            </param>
            <param index="1">
              <value>
                <![CDATA["Finding Hospitals on Practo website"]]>
              </value>
            </param>
          </params>
          <reporter-output>
          </reporter-output>
        </test-method> <!-- runScenario -->
        <test-method is-config="true" signature="closeBrowser()[pri:0, instance:com.hackathonproject.runner.TestRunner@7ceb3185]" started-at="2026-05-27T12:11:27 IST" name="closeBrowser" finished-at="2026-05-27T12:11:32 IST" duration-ms="5188" status="PASS">
          <reporter-output>
          </reporter-output>
        </test-method> <!-- closeBrowser -->
        <test-method is-config="true" signature="tearDownClass()[pri:0, instance:com.hackathonproject.runner.TestRunner@7ceb3185]" started-at="2026-05-27T12:11:32 IST" name="tearDownClass" finished-at="2026-05-27T12:11:32 IST" duration-ms="225" status="PASS">
          <reporter-output>
          </reporter-output>
        </test-method> <!-- tearDownClass -->
      </class> <!-- com.hackathonproject.runner.TestRunner -->
    </test> <!-- Chrome Test -->
  </suite> <!-- Practo Cross-Browser Suite -->
</testng-results>
