<?xml version="1.0" encoding="UTF-8"?>
<testsuite xmlns:xsi="http://www.w3.org/2001/XMLSchema-instance" xsi:noNamespaceSchemaLocation="https://maven.apache.org/surefire/maven-surefire-plugin/xsd/surefire-test-report-3.0.xsd" version="3.0" name="TestSuite" time="182.659" tests="6" errors="0" skipped="0" failures="1">
  <properties>
[...]
</properties>
  <testcase name="runScenario[&quot;Find Hospitals in Bangalore open 24x7 with parking and rating above 3.5&quot;, &quot;Finding Hospitals on Practo website&quot;](1)" classname="com.hackathonproject.runner.TestRunner" time="85.609">
    <system-out><![CDATA[
&amp#27;[1mScenario:&amp#27;[22m Find Hospitals in Bangalore open 24x7 with parking and rating above 3.5 &amp#27;[90m# src/test/resources/features/Practo.feature:6&amp#27;[39m

&amp#27;[1mScenario:&amp#27;[22m Find Hospitals in Bangalore open 24x7 with parking and rating above 3.5 &amp#27;[90m# src/test/resources/features/Practo.feature:6&amp#27;[39m
  &amp#27;[32m✔&amp#27;[39m &amp#27;[32m&amp#27;[1mGiven &amp#27;[22mthe user is on the Practo website home page&amp#27;[39m                             &amp#27;[90m# com.hackathonproject.steps.StepDefs.userOnHomePage()&amp#27;[39m
  &amp#27;[32m✔&amp#27;[39m &amp#27;[32m&amp#27;[1mGiven &amp#27;[22mthe user is on the Practo website home page&amp#27;[39m                             &amp#27;[90m# com.hackathonproject.steps.StepDefs.userOnHomePage()&amp#27;[39m
  &amp#27;[32m✔&amp#27;[39m &amp#27;[32m&amp#27;[1mWhen &amp#27;[22mthe user searches for &amp#27;[1m"Bangalore"&amp#27;[22m location and &amp#27;[1m"Hospital"&amp#27;[22m service&amp#27;[39m        &amp#27;[90m# com.hackathonproject.steps.StepDefs.searchHospital(java.lang.String,java.lang.String)&amp#27;[39m
  &amp#27;[32m✔&amp#27;[39m &amp#27;[32m&amp#27;[1mWhen &amp#27;[22mthe user searches for &amp#27;[1m"Bangalore"&amp#27;[22m location and &amp#27;[1m"Hospital"&amp#27;[22m service&amp#27;[39m        &amp#27;[90m# com.hackathonproject.steps.StepDefs.searchHospital(java.lang.String,java.lang.String)&amp#27;[39m
  &amp#27;[32m✔&amp#27;[39m &amp#27;[32m&amp#27;[1mThen &amp#27;[22mthe hospitals with parking and rating above &amp#27;[1m3.5&amp#27;[22m are displayed&amp#27;[39m            &amp#27;[90m# com.hackathonproject.steps.StepDefs.displayHospitals(double)&amp#27;[39m
]]></system-out>
    <system-err><![CDATA[SLF4J(W): No SLF4J providers were found.
SLF4J(W): Defaulting to no-operation (NOP) logger implementation
SLF4J(W): See https://www.slf4j.org/codes.html#noProviders for further details.
May 26, 2026 11:54:33 AM org.openqa.selenium.devtools.CdpVersionFinder findNearestMatch
WARNING: Unable to find an exact match for CDP version 148, returning the closest version; found: 147; Please update to a Selenium version that supports CDP version 148
]]></system-err>
  </testcase>
  <testcase name="runScenario[&quot;Find Hospitals in Bangalore open 24x7 with parking and rating above 3.5&quot;, &quot;Finding Hospitals on Practo website&quot;](1)" classname="com.hackathonproject.runner.TestRunner" time="19.245">
    <system-out><![CDATA[
&amp#27;[1mScenario:&amp#27;[22m Capture top cities from Diagnostics page on Practo website &amp#27;[90m# src/test/resources/features/Practo.feature:10&amp#27;[39m
  &amp#27;[32m✔&amp#27;[39m &amp#27;[32m&amp#27;[1mGiven &amp#27;[22mthe user is on the Practo website home page&amp#27;[39m                &amp#27;[90m# com.hackathonproject.steps.StepDefs.userOnHomePage()&amp#27;[39m
  &amp#27;[32m✔&amp#27;[39m &amp#27;[32m&amp#27;[1mThen &amp#27;[22mthe hospitals with parking and rating above &amp#27;[1m3.5&amp#27;[22m are displayed&amp#27;[39m            &amp#27;[90m# com.hackathonproject.steps.StepDefs.displayHospitals(double)&amp#27;[39m
]]></system-out>
  </testcase>
  <testcase name="runScenario[&quot;Capture top cities from Diagnostics page on Practo website&quot;, &quot;Finding Hospitals on Practo website&quot;](2)" classname="com.hackathonproject.runner.TestRunner" time="1.237">
    <system-out><![CDATA[
&amp#27;[1mScenario:&amp#27;[22m Capture top cities from Diagnostics page on Practo website &amp#27;[90m# src/test/resources/features/Practo.feature:10&amp#27;[39m
  &amp#27;[32m✔&amp#27;[39m &amp#27;[32m&amp#27;[1mWhen &amp#27;[22mthe user clicks on Lab Tests&amp#27;[39m                                &amp#27;[90m# com.hackathonproject.steps.StepDefs.clickLabTests()&amp#27;[39m
  &amp#27;[32m✔&amp#27;[39m &amp#27;[32m&amp#27;[1mThen &amp#27;[22mthe top diagnostic cities are displayed&amp#27;[39m                     &amp#27;[90m# com.hackathonproject.steps.StepDefs.displayCities()&amp#27;[39m
]]></system-out>
  </testcase>
  <testcase name="runScenario[&quot;Capture top cities from Diagnostics page on Practo website&quot;, &quot;Finding Hospitals on Practo website&quot;](2)" classname="com.hackathonproject.runner.TestRunner" time="16.223">
    <system-out><![CDATA[
&amp#27;[1mScenario:&amp#27;[22m Fill Corporate Wellness form with invalid details and capture warning                                        &amp#27;[90m# src/test/resources/features/Practo.feature:14&amp#27;[39m
  &amp#27;[32m✔&amp#27;[39m &amp#27;[32m&amp#27;[1mGiven &amp#27;[22mthe user is on the Practo website home page&amp#27;[39m                &amp#27;[90m# com.hackathonproject.steps.StepDefs.userOnHomePage()&amp#27;[39m
  &amp#27;[32m✔&amp#27;[39m &amp#27;[32m&amp#27;[1mGiven &amp#27;[22mthe user is on the Practo website home page&amp#27;[39m                                                                  &amp#27;[90m# com.hackathonproject.steps.StepDefs.userOnHomePage()&amp#27;[39m
  &amp#27;[32m✔&amp#27;[39m &amp#27;[32m&amp#27;[1mWhen &amp#27;[22mthe user clicks on Lab Tests&amp#27;[39m                                &amp#27;[90m# com.hackathonproject.steps.StepDefs.clickLabTests()&amp#27;[39m
  &amp#27;[32m✔&amp#27;[39m &amp#27;[32m&amp#27;[1mThen &amp#27;[22mthe top diagnostic cities are displayed&amp#27;[39m                     &amp#27;[90m# com.hackathonproject.steps.StepDefs.displayCities()&amp#27;[39m
]]></system-out>
  </testcase>
  <testcase name="runScenario[&quot;Fill Corporate Wellness form with invalid details and capture warning&quot;, &quot;Finding Hospitals on Practo website&quot;](3)" classname="com.hackathonproject.runner.TestRunner" time="25.509">
    <system-out><![CDATA[
&amp#27;[1mScenario:&amp#27;[22m Fill Corporate Wellness form with invalid details and capture warning                                        &amp#27;[90m# src/test/resources/features/Practo.feature:14&amp#27;[39m
  &amp#27;[32m✔&amp#27;[39m &amp#27;[32m&amp#27;[1mGiven &amp#27;[22mthe user is on the Practo website home page&amp#27;[39m                                                                  &amp#27;[90m# com.hackathonproject.steps.StepDefs.userOnHomePage()&amp#27;[39m
  &amp#27;[32m✔&amp#27;[39m &amp#27;[32m&amp#27;[1mWhen &amp#27;[22mthe user navigates to Corporate Wellness page&amp#27;[39m                                                                 &amp#27;[90m# com.hackathonproject.steps.StepDefs.navigateCorporate()&amp#27;[39m
  &amp#27;[32m✔&amp#27;[39m &amp#27;[32m&amp#27;[1mAnd &amp#27;[22mthe user fills the form with name &amp#27;[1m"Gopal"&amp#27;[22m organization &amp#27;[1m"Cognizant"&amp#27;[22m phone &amp#27;[1m"8970657"&amp#27;[22m email &amp#27;[1m"gopal@cognizant.com"&amp#27;[22m&amp#27;[39m &amp#27;[90m# com.hackathonproject.steps.StepDefs.fillForm(java.lang.String,java.lang.String,java.lang.String,java.lang.String)&amp#27;[39m
  &amp#27;[32m✔&amp#27;[39m &amp#27;[32m&amp#27;[1mThen &amp#27;[22mthe submit button status is captured&amp#27;[39m                                                                          &amp#27;[90m# com.hackathonproject.steps.StepDefs.captureStatus()&amp#27;[39m
]]></system-out>
  </testcase>
  <testcase name="runScenario[&quot;Fill Corporate Wellness form with invalid details and capture warning&quot;, &quot;Finding Hospitals on Practo website&quot;](3)" classname="com.hackathonproject.runner.TestRunner" time="51.746">
    <failure message="timeout: Timed out receiving message from renderer: 30.000&#10;  (Session info: MicrosoftEdge=148.0.3967.83)&#10;Build info: version: &apos;4.43.0&apos;, revision: &apos;dd0f534&apos;&#10;System info: os.name: &apos;Windows 11&apos;, os.arch: &apos;amd64&apos;, os.version: &apos;10.0&apos;, java.version: &apos;21.0.10&apos;&#10;Driver info: org.openqa.selenium.edge.EdgeDriver&#10;Command: [350bc28d2852ed08ba5387c278908e17, getTitle {}]&#10;Capabilities {acceptInsecureCerts: false, browserName: MicrosoftEdge, browserVersion: 148.0.3967.83, fedcm:accounts: true, goog:processID: 12568, ms:edgeOptions: {debuggerAddress: localhost:60990}, msedge: {msedgedriverVersion: 148.0.3967.70 (8956564be045..., userDataDir: C:\Users\2485864\AppData\Lo...}, networkConnectionEnabled: false, pageLoadStrategy: normal, platformName: windows, proxy: Proxy(), se:cdp: ws://localhost:60990/devtoo..., se:cdpVersion: 148.0.3967.83, setWindowRect: true, strictFileInteractability: false, timeouts: {implicit: 0, pageLoad: 300000, script: 30000}, unhandledPromptBehavior: dismiss and notify, webauthn:extension:credBlob: true, webauthn:extension:largeBlob: true, webauthn:extension:minPinLength: true, webauthn:extension:prf: true, webauthn:virtualAuthenticators: true}&#10;Session ID: 350bc28d2852ed08ba5387c278908e17" type="org.openqa.selenium.TimeoutException"><![CDATA[org.openqa.selenium.TimeoutException: 
timeout: Timed out receiving message from renderer: 30.000
  (Session info: MicrosoftEdge=148.0.3967.83)
Build info: version: '4.43.0', revision: 'dd0f534'
System info: os.name: 'Windows 11', os.arch: 'amd64', os.version: '10.0', java.version: '21.0.10'
Driver info: org.openqa.selenium.edge.EdgeDriver
Command: [350bc28d2852ed08ba5387c278908e17, getTitle {}]
Capabilities {acceptInsecureCerts: false, browserName: MicrosoftEdge, browserVersion: 148.0.3967.83, fedcm:accounts: true, goog:processID: 12568, ms:edgeOptions: {debuggerAddress: localhost:60990}, msedge: {msedgedriverVersion: 148.0.3967.70 (8956564be045..., userDataDir: C:\Users\2485864\AppData\Lo...}, networkConnectionEnabled: false, pageLoadStrategy: normal, platformName: windows, proxy: Proxy(), se:cdp: ws://localhost:60990/devtoo..., se:cdpVersion: 148.0.3967.83, setWindowRect: true, strictFileInteractability: false, timeouts: {implicit: 0, pageLoad: 300000, script: 30000}, unhandledPromptBehavior: dismiss and notify, webauthn:extension:credBlob: true, webauthn:extension:largeBlob: true, webauthn:extension:minPinLength: true, webauthn:extension:prf: true, webauthn:virtualAuthenticators: true}
Session ID: 350bc28d2852ed08ba5387c278908e17
	at org.openqa.selenium.remote.ErrorCodec.decode(ErrorCodec.java:169)
	at org.openqa.selenium.remote.codec.w3c.W3CHttpResponseCodec.decode(W3CHttpResponseCodec.java:142)
	at org.openqa.selenium.remote.codec.w3c.W3CHttpResponseCodec.decode(W3CHttpResponseCodec.java:49)
	at org.openqa.selenium.remote.HttpCommandExecutor.execute(HttpCommandExecutor.java:223)
	at org.openqa.selenium.remote.service.DriverCommandExecutor.invokeExecute(DriverCommandExecutor.java:216)
	at org.openqa.selenium.remote.service.DriverCommandExecutor.execute(DriverCommandExecutor.java:174)
	at org.openqa.selenium.remote.RemoteWebDriver.execute(RemoteWebDriver.java:606)
	at org.openqa.selenium.remote.RemoteWebDriver.execute(RemoteWebDriver.java:688)
	at org.openqa.selenium.remote.RemoteWebDriver.execute(RemoteWebDriver.java:692)
	at org.openqa.selenium.remote.RemoteWebDriver.getTitle(RemoteWebDriver.java:379)
	at com.hackathonproject.steps.StepDefs.navigateCorporate(StepDefs.java:99)
	at ✽.the user navigates to Corporate Wellness page(file:///C:/Users/2485864/eclipse-workspace/HackathonProject-PractoTest-MediTesters/src/test/resources/features/Practo.feature:15)
]]></failure>
    <system-out><![CDATA[  &amp#27;[31m✘&amp#27;[39m &amp#27;[31m&amp#27;[1mWhen &amp#27;[22mthe user navigates to Corporate Wellness page&amp#27;[39m                                                                 &amp#27;[90m# com.hackathonproject.steps.StepDefs.navigateCorporate()&amp#27;[39m
        &amp#27;[31morg.openqa.selenium.TimeoutException: timeout: Timed out receiving message from renderer: 30.000&amp#27;[39m
        &amp#27;[31m  (Session info: MicrosoftEdge=148.0.3967.83)&amp#27;[39m
        &amp#27;[31mBuild info: version: '4.43.0', revision: 'dd0f534'&amp#27;[39m
        &amp#27;[31mSystem info: os.name: 'Windows 11', os.arch: 'amd64', os.version: '10.0', java.version: '21.0.10'&amp#27;[39m
        &amp#27;[31mDriver info: org.openqa.selenium.edge.EdgeDriver&amp#27;[39m
        &amp#27;[31mCommand: [350bc28d2852ed08ba5387c278908e17, getTitle {}]&amp#27;[39m
        &amp#27;[31mCapabilities {acceptInsecureCerts: false, browserName: MicrosoftEdge, browserVersion: 148.0.3967.83, fedcm:accounts: true, goog:processID: 12568, ms:edgeOptions: {debuggerAddress: localhost:60990}, msedge: {msedgedriverVersion: 148.0.3967.70 (8956564be045..., userDataDir: C:\Users\2485864\AppData\Lo...}, networkConnectionEnabled: false, pageLoadStrategy: normal, platformName: windows, proxy: Proxy(), se:cdp: ws://localhost:60990/devtoo..., se:cdpVersion: 148.0.3967.83, setWindowRect: true, strictFileInteractability: false, timeouts: {implicit: 0, pageLoad: 300000, script: 30000}, unhandledPromptBehavior: dismiss and notify, webauthn:extension:credBlob: true, webauthn:extension:largeBlob: true, webauthn:extension:minPinLength: true, webauthn:extension:prf: true, webauthn:virtualAuthenticators: true}&amp#27;[39m
        &amp#27;[31mSession ID: 350bc28d2852ed08ba5387c278908e17&amp#27;[39m
        &amp#27;[31m	at org.openqa.selenium.remote.ErrorCodec.decode(ErrorCodec.java:169)&amp#27;[39m
        &amp#27;[31m	at org.openqa.selenium.remote.codec.w3c.W3CHttpResponseCodec.decode(W3CHttpResponseCodec.java:142)&amp#27;[39m
        &amp#27;[31m	at org.openqa.selenium.remote.codec.w3c.W3CHttpResponseCodec.decode(W3CHttpResponseCodec.java:49)&amp#27;[39m
        &amp#27;[31m	at org.openqa.selenium.remote.HttpCommandExecutor.execute(HttpCommandExecutor.java:223)&amp#27;[39m
        &amp#27;[31m	at org.openqa.selenium.remote.service.DriverCommandExecutor.invokeExecute(DriverCommandExecutor.java:216)&amp#27;[39m
        &amp#27;[31m	at org.openqa.selenium.remote.service.DriverCommandExecutor.execute(DriverCommandExecutor.java:174)&amp#27;[39m
        &amp#27;[31m	at org.openqa.selenium.remote.RemoteWebDriver.execute(RemoteWebDriver.java:606)&amp#27;[39m
        &amp#27;[31m	at org.openqa.selenium.remote.RemoteWebDriver.execute(RemoteWebDriver.java:688)&amp#27;[39m
        &amp#27;[31m	at org.openqa.selenium.remote.RemoteWebDriver.execute(RemoteWebDriver.java:692)&amp#27;[39m
        &amp#27;[31m	at org.openqa.selenium.remote.RemoteWebDriver.getTitle(RemoteWebDriver.java:379)&amp#27;[39m
        &amp#27;[31m	at com.hackathonproject.steps.StepDefs.navigateCorporate(StepDefs.java:99)&amp#27;[39m
        &amp#27;[31m	at ✽.the user navigates to Corporate Wellness page(file:///C:/Users/2485864/eclipse-workspace/HackathonProject-PractoTest-MediTesters/src/test/resources/features/Practo.feature:15)&amp#27;[39m
  &amp#27;[36m↷&amp#27;[39m &amp#27;[36m&amp#27;[1mAnd &amp#27;[22mthe user fills the form with name &amp#27;[1m"Gopal"&amp#27;[22m organization &amp#27;[1m"Cognizant"&amp#27;[22m phone &amp#27;[1m"8970657"&amp#27;[22m email &amp#27;[1m"gopal@cognizant.com"&amp#27;[22m&amp#27;[39m &amp#27;[90m# com.hackathonproject.steps.StepDefs.fillForm(java.lang.String,java.lang.String,java.lang.String,java.lang.String)&amp#27;[39m
  &amp#27;[36m↷&amp#27;[39m &amp#27;[36m&amp#27;[1mThen &amp#27;[22mthe submit button status is captured&amp#27;[39m                                                                          &amp#27;[90m# com.hackathonproject.steps.StepDefs.captureStatus()&amp#27;[39m
2026-05-26T06:27:21.306374100Z TestNG-tests-1 ERROR SCENARIO FAILED: Fill Corporate Wellness form with invalid details and capture warning

        &amp#27;[34mEmbedding Failed_Fill Corporate Wellness form with invalid details and capture warning [image/png 417279 bytes]&amp#27;[39m

2026-05-26T06:27:21.779062900Z TestNG-tests-1 ERROR ✘ TEST FAILED: runScenario
2026-05-26T06:27:21.779062900Z TestNG-tests-1 ERROR Reason: timeout: Timed out receiving message from renderer: 30.000
  (Session info: MicrosoftEdge=148.0.3967.83)
Build info: version: '4.43.0', revision: 'dd0f534'
System info: os.name: 'Windows 11', os.arch: 'amd64', os.version: '10.0', java.version: '21.0.10'
Driver info: org.openqa.selenium.edge.EdgeDriver
Command: [350bc28d2852ed08ba5387c278908e17, getTitle {}]
Capabilities {acceptInsecureCerts: false, browserName: MicrosoftEdge, browserVersion: 148.0.3967.83, fedcm:accounts: true, goog:processID: 12568, ms:edgeOptions: {debuggerAddress: localhost:60990}, msedge: {msedgedriverVersion: 148.0.3967.70 (8956564be045..., userDataDir: C:\Users\2485864\AppData\Lo...}, networkConnectionEnabled: false, pageLoadStrategy: normal, platformName: windows, proxy: Proxy(), se:cdp: ws://localhost:60990/devtoo..., se:cdpVersion: 148.0.3967.83, setWindowRect: true, strictFileInteractability: false, timeouts: {implicit: 0, pageLoad: 300000, script: 30000}, unhandledPromptBehavior: dismiss and notify, webauthn:extension:credBlob: true, webauthn:extension:largeBlob: true, webauthn:extension:minPinLength: true, webauthn:extension:prf: true, webauthn:virtualAuthenticators: true}
Session ID: 350bc28d2852ed08ba5387c278908e17
]]></system-out>
  </testcase>
</testsuite>