<?xml version="1.0" encoding="UTF-8"?>
<!-- Generated by org.testng.reporters.JUnitReportReporter -->
<testsuite hostname="LTIN665998" failures="2" tests="6" name="com.hackathonproject.runner.TestRunner" time="145.986" errors="0" timestamp="2026-05-26T16:12:11 IST" skipped="0">
  <testcase classname="com.hackathonproject.runner.TestRunner" name="runScenario" time="12.569">
    <failure message="The following asserts failed:
	FAIL: No warning message captured. Practo form did not validate invalid input. Either locators changed or site behaviour changed." type="java.lang.AssertionError">
      <![CDATA[java.lang.AssertionError: The following asserts failed:
FAIL: No warning message captured. Practo form did not validate invalid input. Either locators changed or site behaviour changed.
at org.testng.asserts.SoftAssert.assertAll(SoftAssert.java:46)
at org.testng.asserts.SoftAssert.assertAll(SoftAssert.java:30)
at com.hackathonproject.steps.StepDefs.captureStatus(StepDefs.java:147)
at ✽.the submit button status is captured(file:///C:/Users/2485864/eclipse-workspace/HackathonProject-PractoTest-MediTesters/src/test/resources/features/Practo.feature:17)
]]>
    </failure>
  </testcase> <!-- runScenario -->
  <testcase classname="com.hackathonproject.runner.TestRunner" name="runScenario" time="12.705">
    <failure message="The following asserts failed:
	FAIL: No warning message captured. Practo form did not validate invalid input. Either locators changed or site behaviour changed." type="java.lang.AssertionError">
      <![CDATA[java.lang.AssertionError: The following asserts failed:
FAIL: No warning message captured. Practo form did not validate invalid input. Either locators changed or site behaviour changed.
at org.testng.asserts.SoftAssert.assertAll(SoftAssert.java:46)
at org.testng.asserts.SoftAssert.assertAll(SoftAssert.java:30)
at com.hackathonproject.steps.StepDefs.captureStatus(StepDefs.java:147)
at ✽.the submit button status is captured(file:///C:/Users/2485864/eclipse-workspace/HackathonProject-PractoTest-MediTesters/src/test/resources/features/Practo.feature:17)
]]>
    </failure>
  </testcase> <!-- runScenario -->
  <testcase classname="com.hackathonproject.runner.TestRunner" name="runScenario" time="58.925"/>
  <testcase classname="com.hackathonproject.runner.TestRunner" name="runScenario" time="7.629"/>
  <testcase classname="com.hackathonproject.runner.TestRunner" name="runScenario" time="6.085"/>
  <testcase classname="com.hackathonproject.runner.TestRunner" name="runScenario" time="48.073"/>
</testsuite> <!-- com.hackathonproject.runner.TestRunner -->
