<?xml version="1.0" encoding="UTF-8"?>
<!-- Generated by org.testng.reporters.JUnitReportReporter -->
<testsuite hostname="LTIN665998" failures="0" tests="6" name="com.hackathonproject.runner.TestRunner" time="382.222" errors="0" timestamp="2026-05-26T11:47:10 IST" skipped="0">
  <testcase classname="com.hackathonproject.runner.TestRunner" name="runScenario" time="20.886"/>
  <testcase classname="com.hackathonproject.runner.TestRunner" name="runScenario" time="157.025"/>
  <testcase classname="com.hackathonproject.runner.TestRunner" name="runScenario" time="157.697"/>
  <testcase classname="com.hackathonproject.runner.TestRunner" name="runScenario" time="12.618"/>
  <testcase classname="com.hackathonproject.runner.TestRunner" name="runScenario" time="22.678"/>
  <testcase classname="com.hackathonproject.runner.TestRunner" name="runScenario" time="11.318"/>
</testsuite> <!-- com.hackathonproject.runner.TestRunner -->
