<?xml version="1.0" encoding="UTF-8"?>
<!-- Generated by org.testng.reporters.JUnitReportReporter -->
<testsuite hostname="LTIN665998" failures="0" tests="6" name="com.hackathonproject.runner.TestRunner" time="177.446" errors="0" timestamp="2026-05-27T12:11:32 IST" skipped="0">
  <testcase classname="com.hackathonproject.runner.TestRunner" name="runScenario" time="18.901"/>
  <testcase classname="com.hackathonproject.runner.TestRunner" name="runScenario" time="69.317"/>
  <testcase classname="com.hackathonproject.runner.TestRunner" name="runScenario" time="7.510"/>
  <testcase classname="com.hackathonproject.runner.TestRunner" name="runScenario" time="9.434"/>
  <testcase classname="com.hackathonproject.runner.TestRunner" name="runScenario" time="15.424"/>
  <testcase classname="com.hackathonproject.runner.TestRunner" name="runScenario" time="56.860"/>
</testsuite> <!-- com.hackathonproject.runner.TestRunner -->
