<?xml version="1.0" encoding="UTF-8"?>
<!-- Generated by org.testng.reporters.JUnitXMLReporter -->
<testsuite ignored="0" hostname="LTIN665998" failures="1" tests="3" name="Edge Test" time="80.361" errors="0" timestamp="2026-05-27T09:28:13 IST">
  <testcase classname="io.cucumber.testng.AbstractTestNGCucumberTests" name="runScenario" time="46.318"/>
  <testcase classname="io.cucumber.testng.AbstractTestNGCucumberTests" name="runScenario" time="6.805"/>
  <testcase classname="io.cucumber.testng.AbstractTestNGCucumberTests" name="runScenario" time="17.915">
    <failure type="java.lang.AssertionError" message="The following asserts failed:
	FAIL: No warning message captured. Practo form did not validate invalid input. Either locators changed or site behaviour changed.">
      <![CDATA[java.lang.AssertionError: The following asserts failed:
FAIL: No warning message captured. Practo form did not validate invalid input. Either locators changed or site behaviour changed.
at com.hackathonproject.steps.StepDefs.captureStatus(StepDefs.java:147)
at ✽.the submit button status is captured(file:///C:/Users/2485864/eclipse-workspace/HackathonProject-PractoTest-MediTesters/src/test/resources/features/Practo.feature:17)
... Removed 2 stack frames]]>
    </failure>
  </testcase> <!-- runScenario -->
</testsuite> <!-- Edge Test -->
